{
  "RSpec": {
    "coverage": {
      "/home/bruno-desk/Documentos/Projects/Strider-Web-Back-end/strider_web/app/controllers/posts_controller.rb": {
        "lines": [
          1,
          1,
          1,
          null,
          1,
          2,
          1,
          1,
          1,
          null,
          null,
          2,
          null,
          null,
          1,
          0,
          0,
          null,
          0,
          null,
          0,
          0,
          null,
          0,
          null,
          null,
          null,
          1,
          1,
          2,
          null,
          null,
          null,
          1,
          2,
          null,
          null,
          null,
          1,
          0,
          null,
          null
        ]
      },
      "/home/bruno-desk/Documentos/Projects/Strider-Web-Back-end/strider_web/app/controllers/application_controller.rb": {
        "lines": [
          1,
          null
        ]
      },
      "/home/bruno-desk/Documentos/Projects/Strider-Web-Back-end/strider_web/app/models/user.rb": {
        "lines": [
          1,
          1,
          1,
          null,
          1,
          1,
          null,
          1,
          null,
          null,
          null,
          null,
          null,
          null,
          1,
          0,
          null,
          null,
          1,
          0,
          null,
          null
        ]
      },
      "/home/bruno-desk/Documentos/Projects/Strider-Web-Back-end/strider_web/app/models/application_record.rb": {
        "lines": [
          1,
          1,
          null
        ]
      },
      "/home/bruno-desk/Documentos/Projects/Strider-Web-Back-end/strider_web/app/models/post.rb": {
        "lines": [
          1,
          1,
          1,
          null,
          1,
          null,
          1,
          null,
          null,
          null,
          null,
          1,
          null,
          1,
          null,
          1,
          0,
          null,
          null,
          1,
          1,
          10,
          0,
          10,
          0,
          null,
          null,
          null
        ]
      },
      "/home/bruno-desk/Documentos/Projects/Strider-Web-Back-end/strider_web/app/models/friendship.rb": {
        "lines": [
          1,
          1,
          null,
          1,
          1,
          null,
          1,
          0,
          null,
          null,
          1,
          1,
          3,
          0,
          null,
          null,
          null
        ]
      },
      "/home/bruno-desk/Documentos/Projects/Strider-Web-Back-end/strider_web/app/channels/application_cable/channel.rb": {
        "lines": [
          0,
          0,
          0,
          0
        ],
        "branches": {
        }
      },
      "/home/bruno-desk/Documentos/Projects/Strider-Web-Back-end/strider_web/app/channels/application_cable/connection.rb": {
        "lines": [
          0,
          0,
          0,
          0
        ],
        "branches": {
        }
      },
      "/home/bruno-desk/Documentos/Projects/Strider-Web-Back-end/strider_web/app/controllers/friendships_controller.rb": {
        "lines": [
          0,
          0,
          null,
          0,
          0,
          null,
          0,
          0,
          0,
          0,
          0,
          0,
          null,
          0,
          0,
          0,
          0,
          null,
          0,
          null,
          0,
          0,
          null,
          0,
          null,
          0,
          0,
          0,
          0
        ],
        "branches": {
        }
      },
      "/home/bruno-desk/Documentos/Projects/Strider-Web-Back-end/strider_web/app/controllers/users_controller.rb": {
        "lines": [
          0,
          0,
          0,
          0,
          0,
          null,
          0,
          0,
          0,
          null,
          0,
          null,
          0,
          0,
          null,
          0,
          null,
          0,
          0,
          0,
          null,
          0,
          0,
          0,
          null,
          0,
          0,
          0,
          0,
          0,
          0,
          0,
          0,
          null,
          0,
          0,
          0,
          null,
          0,
          0,
          0,
          0
        ],
        "branches": {
        }
      },
      "/home/bruno-desk/Documentos/Projects/Strider-Web-Back-end/strider_web/app/jobs/application_job.rb": {
        "lines": [
          0,
          null,
          null,
          null,
          null,
          null,
          0
        ],
        "branches": {
        }
      },
      "/home/bruno-desk/Documentos/Projects/Strider-Web-Back-end/strider_web/app/mailers/application_mailer.rb": {
        "lines": [
          0,
          0,
          0,
          0
        ],
        "branches": {
        }
      }
    },
    "timestamp": 1645152070
  }
}
